  pro4.cpp
C:\OpenCV4\include\opencv2\calib3d.hpp(1,1): warning C4819: The file contains a character that cannot be represented in the current code page (950). Save the file in Unicode format to prevent data loss
D:\OpenCV_ws\Project3\Project3\pro4.cpp(19,33): warning C4244: 'argument': conversion from '_Tp' to 'int', possible loss of data
          with
          [
              _Tp=float
          ]
D:\OpenCV_ws\Project3\Project3\pro4.cpp(19,23): warning C4244: 'argument': conversion from '_Tp' to 'int', possible loss of data
          with
          [
              _Tp=float
          ]
D:\OpenCV_ws\Project3\Project3\pro4.cpp(20,33): warning C4244: 'argument': conversion from '_Tp' to 'int', possible loss of data
          with
          [
              _Tp=float
          ]
D:\OpenCV_ws\Project3\Project3\pro4.cpp(20,23): warning C4244: 'argument': conversion from '_Tp' to 'int', possible loss of data
          with
          [
              _Tp=float
          ]
D:\OpenCV_ws\Project3\Project3\pro4.cpp(21,33): warning C4244: 'argument': conversion from '_Tp' to 'int', possible loss of data
          with
          [
              _Tp=float
          ]
D:\OpenCV_ws\Project3\Project3\pro4.cpp(21,23): warning C4244: 'argument': conversion from '_Tp' to 'int', possible loss of data
          with
          [
              _Tp=float
          ]
D:\OpenCV_ws\Project3\Project3\pro4.cpp(47,18): warning C4244: 'initializing': conversion from 'double' to 'int', possible loss of data
  Project3.vcxproj -> D:\OpenCV_ws\Project3\x64\Debug\Project3.exe
